{"C:\\File Eki\\TypeScript\\typescript-express-perpus\\src\\config\\db.ts": {"path":"C:\\File Eki\\TypeScript\\typescript-express-perpus\\src\\config\\db.ts","statementMap":{"0":{"start":{"line":1,"column":0},"end":{"line":1,"column":36}},"1":{"start":{"line":3,"column":15},"end":{"line":3,"column":34}},"2":{"start":{"line":4,"column":19},"end":{"line":4,"column":29}},"3":{"start":{"line":5,"column":19},"end":{"line":5,"column":33}},"4":{"start":{"line":6,"column":15},"end":{"line":6,"column":26}},"5":{"start":{"line":7,"column":18},"end":{"line":7,"column":28}},"6":{"start":{"line":9,"column":11},"end":{"line":12,"column":2}},"7":{"start":{"line":14,"column":0},"end":{"line":14,"column":18}}},"fnMap":{},"branchMap":{},"s":{"0":2,"1":2,"2":2,"3":2,"4":2,"5":2,"6":2,"7":2},"f":{},"b":{}}
,"C:\\File Eki\\TypeScript\\typescript-express-perpus\\src\\controllers\\Books\\createBooks.ts": {"path":"C:\\File Eki\\TypeScript\\typescript-express-perpus\\src\\controllers\\Books\\createBooks.ts","statementMap":{"0":{"start":{"line":2,"column":0},"end":{"line":2,"column":44}},"1":{"start":{"line":3,"column":0},"end":{"line":3,"column":52}},"2":{"start":{"line":7,"column":24},"end":{"line":56,"column":2}},"3":{"start":{"line":7,"column":77},"end":{"line":56,"column":2}},"4":{"start":{"line":8,"column":2},"end":{"line":55,"column":null}},"5":{"start":{"line":9,"column":71},"end":{"line":9,"column":79}},"6":{"start":{"line":10,"column":4},"end":{"line":13,"column":null}},"7":{"start":{"line":11,"column":6},"end":{"line":11,"column":65}},"8":{"start":{"line":12,"column":6},"end":{"line":12,"column":13}},"9":{"start":{"line":17,"column":21},"end":{"line":21,"column":6}},"10":{"start":{"line":22,"column":4},"end":{"line":25,"column":null}},"11":{"start":{"line":23,"column":6},"end":{"line":23,"column":40}},"12":{"start":{"line":24,"column":6},"end":{"line":24,"column":13}},"13":{"start":{"line":28,"column":24},"end":{"line":32,"column":6}},"14":{"start":{"line":34,"column":4},"end":{"line":39,"column":null}},"15":{"start":{"line":35,"column":6},"end":{"line":37,"column":9}},"16":{"start":{"line":38,"column":6},"end":{"line":38,"column":13}},"17":{"start":{"line":41,"column":4},"end":{"line":48,"column":7}},"18":{"start":{"line":49,"column":4},"end":{"line":49,"column":54}},"19":{"start":{"line":52,"column":4},"end":{"line":54,"column":7}},"20":{"start":{"line":7,"column":13},"end":{"line":7,"column":24}}},"fnMap":{"0":{"name":"(anonymous_8)","decl":{"start":{"line":7,"column":24},"end":{"line":7,"column":31}},"loc":{"start":{"line":7,"column":77},"end":{"line":56,"column":2}}},"1":{"name":"(anonymous_9)","decl":{"start":{"line":7,"column":77},"end":{"line":7,"column":null}},"loc":{"start":{"line":7,"column":77},"end":{"line":56,"column":1}}}},"branchMap":{"0":{"loc":{"start":{"line":10,"column":4},"end":{"line":13,"column":null}},"type":"if","locations":[{"start":{"line":10,"column":4},"end":{"line":13,"column":null}}]},"1":{"loc":{"start":{"line":10,"column":8},"end":{"line":10,"column":58}},"type":"binary-expr","locations":[{"start":{"line":10,"column":8},"end":{"line":10,"column":30}},{"start":{"line":10,"column":34},"end":{"line":10,"column":58}}]},"2":{"loc":{"start":{"line":22,"column":4},"end":{"line":25,"column":null}},"type":"if","locations":[{"start":{"line":22,"column":4},"end":{"line":25,"column":null}}]},"3":{"loc":{"start":{"line":34,"column":4},"end":{"line":39,"column":null}},"type":"if","locations":[{"start":{"line":34,"column":4},"end":{"line":39,"column":null}}]}},"s":{"0":1,"1":1,"2":1,"3":5,"4":5,"5":5,"6":5,"7":1,"8":1,"9":4,"10":3,"11":1,"12":1,"13":2,"14":2,"15":1,"16":1,"17":1,"18":1,"19":1,"20":1},"f":{"0":5,"1":5},"b":{"0":[1],"1":[5,1],"2":[1],"3":[1]}}
,"C:\\File Eki\\TypeScript\\typescript-express-perpus\\src\\controllers\\Books\\deleteBooks.ts": {"path":"C:\\File Eki\\TypeScript\\typescript-express-perpus\\src\\controllers\\Books\\deleteBooks.ts","statementMap":{"0":{"start":{"line":2,"column":0},"end":{"line":2,"column":44}},"1":{"start":{"line":6,"column":27},"end":{"line":40,"column":2}},"2":{"start":{"line":9,"column":19},"end":{"line":40,"column":2}},"3":{"start":{"line":10,"column":2},"end":{"line":39,"column":null}},"4":{"start":{"line":11,"column":17},"end":{"line":15,"column":6}},"5":{"start":{"line":18,"column":4},"end":{"line":23,"column":null}},"6":{"start":{"line":19,"column":6},"end":{"line":21,"column":9}},"7":{"start":{"line":22,"column":6},"end":{"line":22,"column":13}},"8":{"start":{"line":26,"column":4},"end":{"line":30,"column":7}},"9":{"start":{"line":33,"column":4},"end":{"line":35,"column":7}},"10":{"start":{"line":37,"column":4},"end":{"line":37,"column":23}},"11":{"start":{"line":38,"column":4},"end":{"line":38,"column":39}},"12":{"start":{"line":6,"column":13},"end":{"line":6,"column":27}}},"fnMap":{"0":{"name":"(anonymous_8)","decl":{"start":{"line":6,"column":27},"end":{"line":6,"column":null}},"loc":{"start":{"line":9,"column":19},"end":{"line":40,"column":2}}},"1":{"name":"(anonymous_9)","decl":{"start":{"line":9,"column":19},"end":{"line":9,"column":null}},"loc":{"start":{"line":9,"column":19},"end":{"line":40,"column":1}}}},"branchMap":{"0":{"loc":{"start":{"line":18,"column":4},"end":{"line":23,"column":null}},"type":"if","locations":[{"start":{"line":18,"column":4},"end":{"line":23,"column":null}}]}},"s":{"0":1,"1":1,"2":2,"3":2,"4":2,"5":2,"6":1,"7":1,"8":1,"9":1,"10":0,"11":0,"12":1},"f":{"0":2,"1":2},"b":{"0":[1]}}
,"C:\\File Eki\\TypeScript\\typescript-express-perpus\\src\\controllers\\Books\\getBooks.ts": {"path":"C:\\File Eki\\TypeScript\\typescript-express-perpus\\src\\controllers\\Books\\getBooks.ts","statementMap":{"0":{"start":{"line":2,"column":0},"end":{"line":2,"column":44}},"1":{"start":{"line":3,"column":0},"end":{"line":3,"column":52}},"2":{"start":{"line":4,"column":0},"end":{"line":4,"column":52}},"3":{"start":{"line":8,"column":24},"end":{"line":33,"column":2}},"4":{"start":{"line":8,"column":77},"end":{"line":33,"column":2}},"5":{"start":{"line":9,"column":2},"end":{"line":32,"column":null}},"6":{"start":{"line":10,"column":17},"end":{"line":27,"column":6}},"7":{"start":{"line":28,"column":4},"end":{"line":28,"column":19}},"8":{"start":{"line":30,"column":4},"end":{"line":30,"column":23}},"9":{"start":{"line":31,"column":4},"end":{"line":31,"column":27}},"10":{"start":{"line":8,"column":13},"end":{"line":8,"column":24}},"11":{"start":{"line":36,"column":27},"end":{"line":77,"column":2}},"12":{"start":{"line":39,"column":19},"end":{"line":77,"column":2}},"13":{"start":{"line":40,"column":2},"end":{"line":76,"column":null}},"14":{"start":{"line":41,"column":17},"end":{"line":65,"column":6}},"15":{"start":{"line":66,"column":4},"end":{"line":71,"column":null}},"16":{"start":{"line":67,"column":6},"end":{"line":69,"column":9}},"17":{"start":{"line":70,"column":6},"end":{"line":70,"column":13}},"18":{"start":{"line":72,"column":4},"end":{"line":72,"column":19}},"19":{"start":{"line":74,"column":4},"end":{"line":74,"column":23}},"20":{"start":{"line":75,"column":4},"end":{"line":75,"column":27}},"21":{"start":{"line":36,"column":13},"end":{"line":36,"column":27}}},"fnMap":{"0":{"name":"(anonymous_8)","decl":{"start":{"line":8,"column":24},"end":{"line":8,"column":31}},"loc":{"start":{"line":8,"column":77},"end":{"line":33,"column":2}}},"1":{"name":"(anonymous_9)","decl":{"start":{"line":8,"column":77},"end":{"line":8,"column":null}},"loc":{"start":{"line":8,"column":77},"end":{"line":33,"column":1}}},"2":{"name":"(anonymous_10)","decl":{"start":{"line":36,"column":27},"end":{"line":36,"column":null}},"loc":{"start":{"line":39,"column":19},"end":{"line":77,"column":2}}},"3":{"name":"(anonymous_11)","decl":{"start":{"line":39,"column":19},"end":{"line":39,"column":null}},"loc":{"start":{"line":39,"column":19},"end":{"line":77,"column":1}}}},"branchMap":{"0":{"loc":{"start":{"line":66,"column":4},"end":{"line":71,"column":null}},"type":"if","locations":[{"start":{"line":66,"column":4},"end":{"line":71,"column":null}}]}},"s":{"0":1,"1":1,"2":1,"3":1,"4":1,"5":1,"6":1,"7":1,"8":0,"9":0,"10":1,"11":1,"12":2,"13":2,"14":2,"15":2,"16":1,"17":1,"18":1,"19":0,"20":0,"21":1},"f":{"0":1,"1":1,"2":2,"3":2},"b":{"0":[1]}}
,"C:\\File Eki\\TypeScript\\typescript-express-perpus\\src\\controllers\\Books\\updateBooks.ts": {"path":"C:\\File Eki\\TypeScript\\typescript-express-perpus\\src\\controllers\\Books\\updateBooks.ts","statementMap":{"0":{"start":{"line":2,"column":0},"end":{"line":2,"column":44}},"1":{"start":{"line":3,"column":0},"end":{"line":3,"column":52}},"2":{"start":{"line":7,"column":26},"end":{"line":83,"column":2}},"3":{"start":{"line":10,"column":19},"end":{"line":83,"column":2}},"4":{"start":{"line":13,"column":69},"end":{"line":13,"column":77}},"5":{"start":{"line":15,"column":15},"end":{"line":19,"column":4}},"6":{"start":{"line":22,"column":2},"end":{"line":27,"column":null}},"7":{"start":{"line":23,"column":4},"end":{"line":25,"column":7}},"8":{"start":{"line":26,"column":4},"end":{"line":26,"column":11}},"9":{"start":{"line":30,"column":19},"end":{"line":34,"column":4}},"10":{"start":{"line":35,"column":2},"end":{"line":38,"column":null}},"11":{"start":{"line":36,"column":4},"end":{"line":36,"column":50}},"12":{"start":{"line":37,"column":4},"end":{"line":37,"column":11}},"13":{"start":{"line":41,"column":22},"end":{"line":45,"column":4}},"14":{"start":{"line":47,"column":2},"end":{"line":52,"column":null}},"15":{"start":{"line":48,"column":4},"end":{"line":50,"column":7}},"16":{"start":{"line":51,"column":4},"end":{"line":51,"column":11}},"17":{"start":{"line":54,"column":2},"end":{"line":57,"column":null}},"18":{"start":{"line":55,"column":4},"end":{"line":55,"column":75}},"19":{"start":{"line":56,"column":4},"end":{"line":56,"column":11}},"20":{"start":{"line":58,"column":2},"end":{"line":82,"column":null}},"21":{"start":{"line":59,"column":4},"end":{"line":73,"column":6}},"22":{"start":{"line":76,"column":4},"end":{"line":78,"column":7}},"23":{"start":{"line":80,"column":4},"end":{"line":80,"column":23}},"24":{"start":{"line":81,"column":4},"end":{"line":81,"column":39}},"25":{"start":{"line":7,"column":13},"end":{"line":7,"column":26}}},"fnMap":{"0":{"name":"(anonymous_8)","decl":{"start":{"line":7,"column":26},"end":{"line":7,"column":null}},"loc":{"start":{"line":10,"column":19},"end":{"line":83,"column":2}}},"1":{"name":"(anonymous_9)","decl":{"start":{"line":10,"column":19},"end":{"line":10,"column":null}},"loc":{"start":{"line":10,"column":19},"end":{"line":83,"column":1}}}},"branchMap":{"0":{"loc":{"start":{"line":22,"column":2},"end":{"line":27,"column":null}},"type":"if","locations":[{"start":{"line":22,"column":2},"end":{"line":27,"column":null}}]},"1":{"loc":{"start":{"line":35,"column":2},"end":{"line":38,"column":null}},"type":"if","locations":[{"start":{"line":35,"column":2},"end":{"line":38,"column":null}}]},"2":{"loc":{"start":{"line":35,"column":6},"end":{"line":35,"column":36}},"type":"binary-expr","locations":[{"start":{"line":35,"column":6},"end":{"line":35,"column":14}},{"start":{"line":35,"column":18},"end":{"line":35,"column":36}}]},"3":{"loc":{"start":{"line":47,"column":2},"end":{"line":52,"column":null}},"type":"if","locations":[{"start":{"line":47,"column":2},"end":{"line":52,"column":null}}]},"4":{"loc":{"start":{"line":54,"column":2},"end":{"line":57,"column":null}},"type":"if","locations":[{"start":{"line":54,"column":2},"end":{"line":57,"column":null}}]},"5":{"loc":{"start":{"line":54,"column":6},"end":{"line":54,"column":56}},"type":"binary-expr","locations":[{"start":{"line":54,"column":6},"end":{"line":54,"column":28}},{"start":{"line":54,"column":32},"end":{"line":54,"column":56}}]}},"s":{"0":1,"1":1,"2":1,"3":5,"4":5,"5":5,"6":5,"7":1,"8":1,"9":4,"10":4,"11":0,"12":0,"13":4,"14":4,"15":1,"16":1,"17":3,"18":1,"19":1,"20":2,"21":2,"22":2,"23":0,"24":0,"25":1},"f":{"0":5,"1":5},"b":{"0":[1],"1":[0],"2":[4,0],"3":[1],"4":[1],"5":[3,1]}}
,"C:\\File Eki\\TypeScript\\typescript-express-perpus\\src\\controllers\\Borrowing\\createBorrowing.ts": {"path":"C:\\File Eki\\TypeScript\\typescript-express-perpus\\src\\controllers\\Borrowing\\createBorrowing.ts","statementMap":{"0":{"start":{"line":3,"column":0},"end":{"line":3,"column":44}},"1":{"start":{"line":4,"column":0},"end":{"line":4,"column":52}},"2":{"start":{"line":5,"column":0},"end":{"line":5,"column":46}},"3":{"start":{"line":9,"column":28},"end":{"line":125,"column":2}},"4":{"start":{"line":12,"column":19},"end":{"line":125,"column":2}},"5":{"start":{"line":13,"column":2},"end":{"line":124,"column":null}},"6":{"start":{"line":14,"column":51},"end":{"line":14,"column":59}},"7":{"start":{"line":16,"column":20},"end":{"line":20,"column":6}},"8":{"start":{"line":22,"column":4},"end":{"line":27,"column":null}},"9":{"start":{"line":23,"column":6},"end":{"line":25,"column":9}},"10":{"start":{"line":26,"column":6},"end":{"line":26,"column":13}},"11":{"start":{"line":30,"column":22},"end":{"line":35,"column":6}},"12":{"start":{"line":37,"column":4},"end":{"line":42,"column":null}},"13":{"start":{"line":38,"column":6},"end":{"line":40,"column":9}},"14":{"start":{"line":41,"column":6},"end":{"line":41,"column":13}},"15":{"start":{"line":45,"column":22},"end":{"line":49,"column":6}},"16":{"start":{"line":51,"column":4},"end":{"line":56,"column":null}},"17":{"start":{"line":52,"column":6},"end":{"line":54,"column":9}},"18":{"start":{"line":55,"column":6},"end":{"line":55,"column":13}},"19":{"start":{"line":59,"column":4},"end":{"line":64,"column":null}},"20":{"start":{"line":60,"column":6},"end":{"line":62,"column":9}},"21":{"start":{"line":63,"column":6},"end":{"line":63,"column":13}},"22":{"start":{"line":67,"column":26},"end":{"line":71,"column":6}},"23":{"start":{"line":73,"column":4},"end":{"line":76,"column":null}},"24":{"start":{"line":74,"column":6},"end":{"line":74,"column":57}},"25":{"start":{"line":75,"column":6},"end":{"line":75,"column":13}},"26":{"start":{"line":81,"column":23},"end":{"line":81,"column":42}},"27":{"start":{"line":82,"column":26},"end":{"line":83,"column":null}},"28":{"start":{"line":87,"column":25},"end":{"line":93,"column":6}},"29":{"start":{"line":96,"column":24},"end":{"line":96,"column":39}},"30":{"start":{"line":99,"column":25},"end":{"line":104,"column":6}},"31":{"start":{"line":106,"column":4},"end":{"line":118,"column":null}},"32":{"start":{"line":107,"column":6},"end":{"line":117,"column":8}},"33":{"start":{"line":120,"column":4},"end":{"line":120,"column":55}},"34":{"start":{"line":122,"column":4},"end":{"line":122,"column":23}},"35":{"start":{"line":123,"column":4},"end":{"line":123,"column":27}},"36":{"start":{"line":9,"column":13},"end":{"line":9,"column":28}}},"fnMap":{"0":{"name":"(anonymous_8)","decl":{"start":{"line":9,"column":28},"end":{"line":9,"column":null}},"loc":{"start":{"line":12,"column":19},"end":{"line":125,"column":2}}},"1":{"name":"(anonymous_9)","decl":{"start":{"line":12,"column":19},"end":{"line":12,"column":null}},"loc":{"start":{"line":12,"column":19},"end":{"line":125,"column":1}}}},"branchMap":{"0":{"loc":{"start":{"line":22,"column":4},"end":{"line":27,"column":null}},"type":"if","locations":[{"start":{"line":22,"column":4},"end":{"line":27,"column":null}}]},"1":{"loc":{"start":{"line":22,"column":8},"end":{"line":22,"column":51}},"type":"binary-expr","locations":[{"start":{"line":22,"column":8},"end":{"line":22,"column":15}},{"start":{"line":22,"column":19},"end":{"line":22,"column":51}}]},"2":{"loc":{"start":{"line":37,"column":4},"end":{"line":42,"column":null}},"type":"if","locations":[{"start":{"line":37,"column":4},"end":{"line":42,"column":null}}]},"3":{"loc":{"start":{"line":51,"column":4},"end":{"line":56,"column":null}},"type":"if","locations":[{"start":{"line":51,"column":4},"end":{"line":56,"column":null}}]},"4":{"loc":{"start":{"line":59,"column":4},"end":{"line":64,"column":null}},"type":"if","locations":[{"start":{"line":59,"column":4},"end":{"line":64,"column":null}}]},"5":{"loc":{"start":{"line":59,"column":8},"end":{"line":59,"column":58}},"type":"binary-expr","locations":[{"start":{"line":59,"column":8},"end":{"line":59,"column":29}},{"start":{"line":59,"column":33},"end":{"line":59,"column":58}}]},"6":{"loc":{"start":{"line":73,"column":4},"end":{"line":76,"column":null}},"type":"if","locations":[{"start":{"line":73,"column":4},"end":{"line":76,"column":null}}]},"7":{"loc":{"start":{"line":106,"column":4},"end":{"line":118,"column":null}},"type":"if","locations":[{"start":{"line":106,"column":4},"end":{"line":118,"column":null}}]}},"s":{"0":1,"1":1,"2":1,"3":1,"4":7,"5":7,"6":7,"7":7,"8":6,"9":1,"10":1,"11":5,"12":5,"13":1,"14":1,"15":4,"16":4,"17":1,"18":1,"19":3,"20":1,"21":1,"22":2,"23":2,"24":1,"25":1,"26":1,"27":1,"28":1,"29":1,"30":1,"31":1,"32":1,"33":1,"34":1,"35":1,"36":1},"f":{"0":7,"1":7},"b":{"0":[1],"1":[6,2],"2":[1],"3":[1],"4":[1],"5":[3,2],"6":[1],"7":[1]}}
,"C:\\File Eki\\TypeScript\\typescript-express-perpus\\src\\controllers\\Borrowing\\deleteBorrowing.ts": {"path":"C:\\File Eki\\TypeScript\\typescript-express-perpus\\src\\controllers\\Borrowing\\deleteBorrowing.ts","statementMap":{"0":{"start":{"line":2,"column":0},"end":{"line":2,"column":44}},"1":{"start":{"line":3,"column":0},"end":{"line":3,"column":52}},"2":{"start":{"line":7,"column":31},"end":{"line":62,"column":2}},"3":{"start":{"line":10,"column":19},"end":{"line":62,"column":2}},"4":{"start":{"line":11,"column":2},"end":{"line":61,"column":null}},"5":{"start":{"line":12,"column":22},"end":{"line":16,"column":6}},"6":{"start":{"line":19,"column":4},"end":{"line":24,"column":null}},"7":{"start":{"line":20,"column":6},"end":{"line":22,"column":9}},"8":{"start":{"line":23,"column":6},"end":{"line":23,"column":13}},"9":{"start":{"line":29,"column":27},"end":{"line":33,"column":6}},"10":{"start":{"line":35,"column":4},"end":{"line":47,"column":null}},"11":{"start":{"line":36,"column":6},"end":{"line":46,"column":8}},"12":{"start":{"line":49,"column":4},"end":{"line":53,"column":7}},"13":{"start":{"line":56,"column":4},"end":{"line":58,"column":7}},"14":{"start":{"line":60,"column":4},"end":{"line":60,"column":39}},"15":{"start":{"line":7,"column":13},"end":{"line":7,"column":31}}},"fnMap":{"0":{"name":"(anonymous_8)","decl":{"start":{"line":7,"column":31},"end":{"line":7,"column":null}},"loc":{"start":{"line":10,"column":19},"end":{"line":62,"column":2}}},"1":{"name":"(anonymous_9)","decl":{"start":{"line":10,"column":19},"end":{"line":10,"column":null}},"loc":{"start":{"line":10,"column":19},"end":{"line":62,"column":1}}}},"branchMap":{"0":{"loc":{"start":{"line":19,"column":4},"end":{"line":24,"column":null}},"type":"if","locations":[{"start":{"line":19,"column":4},"end":{"line":24,"column":null}}]},"1":{"loc":{"start":{"line":35,"column":4},"end":{"line":47,"column":null}},"type":"if","locations":[{"start":{"line":35,"column":4},"end":{"line":47,"column":null}}]}},"s":{"0":1,"1":1,"2":1,"3":3,"4":3,"5":3,"6":2,"7":1,"8":1,"9":1,"10":1,"11":1,"12":1,"13":1,"14":1,"15":1},"f":{"0":3,"1":3},"b":{"0":[1],"1":[1]}}
,"C:\\File Eki\\TypeScript\\typescript-express-perpus\\src\\controllers\\Borrowing\\getBorrowing.ts": {"path":"C:\\File Eki\\TypeScript\\typescript-express-perpus\\src\\controllers\\Borrowing\\getBorrowing.ts","statementMap":{"0":{"start":{"line":2,"column":0},"end":{"line":2,"column":44}},"1":{"start":{"line":3,"column":0},"end":{"line":3,"column":52}},"2":{"start":{"line":4,"column":0},"end":{"line":4,"column":46}},"3":{"start":{"line":7,"column":28},"end":{"line":41,"column":2}},"4":{"start":{"line":10,"column":19},"end":{"line":41,"column":2}},"5":{"start":{"line":11,"column":2},"end":{"line":40,"column":null}},"6":{"start":{"line":12,"column":19},"end":{"line":33,"column":6}},"7":{"start":{"line":34,"column":4},"end":{"line":34,"column":21}},"8":{"start":{"line":36,"column":4},"end":{"line":36,"column":23}},"9":{"start":{"line":37,"column":4},"end":{"line":39,"column":7}},"10":{"start":{"line":7,"column":13},"end":{"line":7,"column":28}}},"fnMap":{"0":{"name":"(anonymous_8)","decl":{"start":{"line":7,"column":28},"end":{"line":7,"column":null}},"loc":{"start":{"line":10,"column":19},"end":{"line":41,"column":2}}},"1":{"name":"(anonymous_9)","decl":{"start":{"line":10,"column":19},"end":{"line":10,"column":null}},"loc":{"start":{"line":10,"column":19},"end":{"line":41,"column":1}}}},"branchMap":{},"s":{"0":1,"1":1,"2":1,"3":1,"4":1,"5":1,"6":1,"7":1,"8":0,"9":0,"10":1},"f":{"0":1,"1":1},"b":{}}
,"C:\\File Eki\\TypeScript\\typescript-express-perpus\\src\\controllers\\Borrowing\\updateBorrowing.ts": {"path":"C:\\File Eki\\TypeScript\\typescript-express-perpus\\src\\controllers\\Borrowing\\updateBorrowing.ts","statementMap":{"0":{"start":{"line":4,"column":0},"end":{"line":4,"column":44}},"1":{"start":{"line":5,"column":0},"end":{"line":5,"column":52}},"2":{"start":{"line":6,"column":0},"end":{"line":6,"column":46}},"3":{"start":{"line":10,"column":31},"end":{"line":142,"column":2}},"4":{"start":{"line":13,"column":19},"end":{"line":142,"column":2}},"5":{"start":{"line":15,"column":20},"end":{"line":19,"column":4}},"6":{"start":{"line":22,"column":2},"end":{"line":27,"column":null}},"7":{"start":{"line":23,"column":4},"end":{"line":25,"column":7}},"8":{"start":{"line":26,"column":4},"end":{"line":26,"column":11}},"9":{"start":{"line":29,"column":58},"end":{"line":29,"column":66}},"10":{"start":{"line":32,"column":20},"end":{"line":36,"column":4}},"11":{"start":{"line":37,"column":2},"end":{"line":42,"column":null}},"12":{"start":{"line":38,"column":4},"end":{"line":40,"column":7}},"13":{"start":{"line":41,"column":4},"end":{"line":41,"column":11}},"14":{"start":{"line":45,"column":24},"end":{"line":49,"column":4}},"15":{"start":{"line":50,"column":2},"end":{"line":55,"column":null}},"16":{"start":{"line":51,"column":4},"end":{"line":53,"column":7}},"17":{"start":{"line":54,"column":4},"end":{"line":54,"column":11}},"18":{"start":{"line":59,"column":2},"end":{"line":64,"column":null}},"19":{"start":{"line":60,"column":4},"end":{"line":62,"column":7}},"20":{"start":{"line":63,"column":4},"end":{"line":63,"column":11}},"21":{"start":{"line":67,"column":2},"end":{"line":141,"column":null}},"22":{"start":{"line":69,"column":23},"end":{"line":69,"column":42}},"23":{"start":{"line":70,"column":26},"end":{"line":71,"column":null}},"24":{"start":{"line":75,"column":22},"end":{"line":75,"column":60}},"25":{"start":{"line":76,"column":23},"end":{"line":76,"column":42}},"26":{"start":{"line":77,"column":26},"end":{"line":78,"column":null}},"27":{"start":{"line":81,"column":17},"end":{"line":81,"column":18}},"28":{"start":{"line":82,"column":4},"end":{"line":84,"column":null}},"29":{"start":{"line":83,"column":6},"end":{"line":83,"column":49}},"30":{"start":{"line":87,"column":25},"end":{"line":87,"column":42}},"31":{"start":{"line":90,"column":4},"end":{"line":133,"column":null}},"32":{"start":{"line":91,"column":6},"end":{"line":91,"column":26}},"33":{"start":{"line":96,"column":6},"end":{"line":113,"column":8}},"34":{"start":{"line":114,"column":29},"end":{"line":118,"column":8}},"35":{"start":{"line":120,"column":6},"end":{"line":132,"column":null}},"36":{"start":{"line":121,"column":8},"end":{"line":131,"column":10}},"37":{"start":{"line":136,"column":4},"end":{"line":138,"column":7}},"38":{"start":{"line":140,"column":4},"end":{"line":140,"column":39}},"39":{"start":{"line":10,"column":13},"end":{"line":10,"column":31}}},"fnMap":{"0":{"name":"(anonymous_8)","decl":{"start":{"line":10,"column":31},"end":{"line":10,"column":null}},"loc":{"start":{"line":13,"column":19},"end":{"line":142,"column":2}}},"1":{"name":"(anonymous_9)","decl":{"start":{"line":13,"column":19},"end":{"line":13,"column":null}},"loc":{"start":{"line":13,"column":19},"end":{"line":142,"column":1}}}},"branchMap":{"0":{"loc":{"start":{"line":22,"column":2},"end":{"line":27,"column":null}},"type":"if","locations":[{"start":{"line":22,"column":2},"end":{"line":27,"column":null}}]},"1":{"loc":{"start":{"line":37,"column":2},"end":{"line":42,"column":null}},"type":"if","locations":[{"start":{"line":37,"column":2},"end":{"line":42,"column":null}}]},"2":{"loc":{"start":{"line":50,"column":2},"end":{"line":55,"column":null}},"type":"if","locations":[{"start":{"line":50,"column":2},"end":{"line":55,"column":null}}]},"3":{"loc":{"start":{"line":59,"column":2},"end":{"line":64,"column":null}},"type":"if","locations":[{"start":{"line":59,"column":2},"end":{"line":64,"column":null}}]},"4":{"loc":{"start":{"line":59,"column":6},"end":{"line":59,"column":70}},"type":"binary-expr","locations":[{"start":{"line":59,"column":6},"end":{"line":59,"column":35}},{"start":{"line":59,"column":39},"end":{"line":59,"column":70}}]},"5":{"loc":{"start":{"line":82,"column":4},"end":{"line":84,"column":null}},"type":"if","locations":[{"start":{"line":82,"column":4},"end":{"line":84,"column":null}}]},"6":{"loc":{"start":{"line":90,"column":4},"end":{"line":133,"column":null}},"type":"if","locations":[{"start":{"line":90,"column":4},"end":{"line":133,"column":null}}]},"7":{"loc":{"start":{"line":102,"column":22},"end":{"line":104,"column":34}},"type":"cond-expr","locations":[{"start":{"line":103,"column":14},"end":{"line":103,"column":55}},{"start":{"line":104,"column":14},"end":{"line":104,"column":34}}]},"8":{"loc":{"start":{"line":120,"column":6},"end":{"line":132,"column":null}},"type":"if","locations":[{"start":{"line":120,"column":6},"end":{"line":132,"column":null}}]}},"s":{"0":1,"1":1,"2":1,"3":1,"4":5,"5":5,"6":5,"7":1,"8":1,"9":4,"10":4,"11":4,"12":1,"13":1,"14":3,"15":3,"16":1,"17":1,"18":2,"19":1,"20":1,"21":1,"22":1,"23":1,"24":1,"25":1,"26":1,"27":1,"28":1,"29":1,"30":1,"31":1,"32":1,"33":1,"34":1,"35":1,"36":1,"37":1,"38":0,"39":1},"f":{"0":5,"1":5},"b":{"0":[1],"1":[1],"2":[1],"3":[1],"4":[2,1],"5":[1],"6":[1],"7":[1,0],"8":[1]}}
,"C:\\File Eki\\TypeScript\\typescript-express-perpus\\src\\controllers\\Category\\createCategory.ts": {"path":"C:\\File Eki\\TypeScript\\typescript-express-perpus\\src\\controllers\\Category\\createCategory.ts","statementMap":{"0":{"start":{"line":2,"column":0},"end":{"line":2,"column":52}},"1":{"start":{"line":5,"column":27},"end":{"line":36,"column":2}},"2":{"start":{"line":8,"column":19},"end":{"line":36,"column":2}},"3":{"start":{"line":10,"column":17},"end":{"line":10,"column":25}},"4":{"start":{"line":13,"column":22},"end":{"line":17,"column":4}},"5":{"start":{"line":18,"column":2},"end":{"line":23,"column":null}},"6":{"start":{"line":19,"column":4},"end":{"line":21,"column":7}},"7":{"start":{"line":22,"column":4},"end":{"line":22,"column":11}},"8":{"start":{"line":26,"column":2},"end":{"line":35,"column":null}},"9":{"start":{"line":27,"column":4},"end":{"line":29,"column":7}},"10":{"start":{"line":30,"column":4},"end":{"line":30,"column":58}},"11":{"start":{"line":32,"column":4},"end":{"line":34,"column":7}},"12":{"start":{"line":5,"column":13},"end":{"line":5,"column":27}}},"fnMap":{"0":{"name":"(anonymous_8)","decl":{"start":{"line":5,"column":27},"end":{"line":5,"column":null}},"loc":{"start":{"line":8,"column":19},"end":{"line":36,"column":2}}},"1":{"name":"(anonymous_9)","decl":{"start":{"line":8,"column":19},"end":{"line":8,"column":null}},"loc":{"start":{"line":8,"column":19},"end":{"line":36,"column":1}}}},"branchMap":{"0":{"loc":{"start":{"line":18,"column":2},"end":{"line":23,"column":null}},"type":"if","locations":[{"start":{"line":18,"column":2},"end":{"line":23,"column":null}}]}},"s":{"0":1,"1":1,"2":2,"3":2,"4":2,"5":2,"6":1,"7":1,"8":1,"9":1,"10":1,"11":0,"12":1},"f":{"0":2,"1":2},"b":{"0":[1]}}
,"C:\\File Eki\\TypeScript\\typescript-express-perpus\\src\\controllers\\Category\\deleteCategory.ts": {"path":"C:\\File Eki\\TypeScript\\typescript-express-perpus\\src\\controllers\\Category\\deleteCategory.ts","statementMap":{"0":{"start":{"line":3,"column":0},"end":{"line":3,"column":52}},"1":{"start":{"line":6,"column":30},"end":{"line":40,"column":2}},"2":{"start":{"line":9,"column":19},"end":{"line":40,"column":2}},"3":{"start":{"line":10,"column":2},"end":{"line":39,"column":null}},"4":{"start":{"line":11,"column":21},"end":{"line":15,"column":6}},"5":{"start":{"line":17,"column":4},"end":{"line":22,"column":null}},"6":{"start":{"line":18,"column":6},"end":{"line":20,"column":76}},"7":{"start":{"line":21,"column":6},"end":{"line":21,"column":13}},"8":{"start":{"line":25,"column":4},"end":{"line":29,"column":7}},"9":{"start":{"line":32,"column":4},"end":{"line":34,"column":75}},"10":{"start":{"line":36,"column":4},"end":{"line":36,"column":23}},"11":{"start":{"line":38,"column":4},"end":{"line":38,"column":39}},"12":{"start":{"line":6,"column":13},"end":{"line":6,"column":30}}},"fnMap":{"0":{"name":"(anonymous_8)","decl":{"start":{"line":6,"column":30},"end":{"line":6,"column":null}},"loc":{"start":{"line":9,"column":19},"end":{"line":40,"column":2}}},"1":{"name":"(anonymous_9)","decl":{"start":{"line":9,"column":19},"end":{"line":9,"column":null}},"loc":{"start":{"line":9,"column":19},"end":{"line":40,"column":1}}}},"branchMap":{"0":{"loc":{"start":{"line":17,"column":4},"end":{"line":22,"column":null}},"type":"if","locations":[{"start":{"line":17,"column":4},"end":{"line":22,"column":null}}]}},"s":{"0":1,"1":1,"2":2,"3":2,"4":2,"5":2,"6":1,"7":1,"8":1,"9":1,"10":0,"11":0,"12":1},"f":{"0":2,"1":2},"b":{"0":[1]}}
,"C:\\File Eki\\TypeScript\\typescript-express-perpus\\src\\controllers\\Category\\getCategory.ts": {"path":"C:\\File Eki\\TypeScript\\typescript-express-perpus\\src\\controllers\\Category\\getCategory.ts","statementMap":{"0":{"start":{"line":2,"column":0},"end":{"line":2,"column":52}},"1":{"start":{"line":6,"column":27},"end":{"line":19,"column":2}},"2":{"start":{"line":9,"column":19},"end":{"line":19,"column":2}},"3":{"start":{"line":10,"column":2},"end":{"line":18,"column":null}},"4":{"start":{"line":11,"column":21},"end":{"line":13,"column":6}},"5":{"start":{"line":14,"column":4},"end":{"line":14,"column":23}},"6":{"start":{"line":16,"column":4},"end":{"line":16,"column":23}},"7":{"start":{"line":17,"column":4},"end":{"line":17,"column":27}},"8":{"start":{"line":6,"column":13},"end":{"line":6,"column":27}},"9":{"start":{"line":22,"column":31},"end":{"line":45,"column":2}},"10":{"start":{"line":25,"column":19},"end":{"line":45,"column":2}},"11":{"start":{"line":26,"column":2},"end":{"line":44,"column":null}},"12":{"start":{"line":27,"column":21},"end":{"line":32,"column":6}},"13":{"start":{"line":34,"column":4},"end":{"line":39,"column":null}},"14":{"start":{"line":35,"column":6},"end":{"line":37,"column":9}},"15":{"start":{"line":38,"column":6},"end":{"line":38,"column":13}},"16":{"start":{"line":40,"column":4},"end":{"line":40,"column":23}},"17":{"start":{"line":42,"column":4},"end":{"line":42,"column":23}},"18":{"start":{"line":43,"column":4},"end":{"line":43,"column":27}},"19":{"start":{"line":22,"column":13},"end":{"line":22,"column":31}}},"fnMap":{"0":{"name":"(anonymous_8)","decl":{"start":{"line":6,"column":27},"end":{"line":6,"column":null}},"loc":{"start":{"line":9,"column":19},"end":{"line":19,"column":2}}},"1":{"name":"(anonymous_9)","decl":{"start":{"line":9,"column":19},"end":{"line":9,"column":null}},"loc":{"start":{"line":9,"column":19},"end":{"line":19,"column":1}}},"2":{"name":"(anonymous_10)","decl":{"start":{"line":22,"column":31},"end":{"line":22,"column":null}},"loc":{"start":{"line":25,"column":19},"end":{"line":45,"column":2}}},"3":{"name":"(anonymous_11)","decl":{"start":{"line":25,"column":19},"end":{"line":25,"column":null}},"loc":{"start":{"line":25,"column":19},"end":{"line":45,"column":1}}}},"branchMap":{"0":{"loc":{"start":{"line":34,"column":4},"end":{"line":39,"column":null}},"type":"if","locations":[{"start":{"line":34,"column":4},"end":{"line":39,"column":null}}]}},"s":{"0":1,"1":1,"2":1,"3":1,"4":1,"5":1,"6":0,"7":0,"8":1,"9":1,"10":2,"11":2,"12":2,"13":2,"14":1,"15":1,"16":1,"17":0,"18":0,"19":1},"f":{"0":1,"1":1,"2":2,"3":2},"b":{"0":[1]}}
,"C:\\File Eki\\TypeScript\\typescript-express-perpus\\src\\controllers\\Category\\updateCategory.ts": {"path":"C:\\File Eki\\TypeScript\\typescript-express-perpus\\src\\controllers\\Category\\updateCategory.ts","statementMap":{"0":{"start":{"line":2,"column":0},"end":{"line":2,"column":52}},"1":{"start":{"line":6,"column":30},"end":{"line":63,"column":2}},"2":{"start":{"line":9,"column":19},"end":{"line":63,"column":2}},"3":{"start":{"line":11,"column":2},"end":{"line":62,"column":null}},"4":{"start":{"line":13,"column":21},"end":{"line":17,"column":6}},"5":{"start":{"line":20,"column":4},"end":{"line":25,"column":null}},"6":{"start":{"line":21,"column":6},"end":{"line":23,"column":76}},"7":{"start":{"line":24,"column":6},"end":{"line":24,"column":13}},"8":{"start":{"line":28,"column":19},"end":{"line":28,"column":27}},"9":{"start":{"line":31,"column":4},"end":{"line":43,"column":null}},"10":{"start":{"line":32,"column":26},"end":{"line":36,"column":8}},"11":{"start":{"line":37,"column":6},"end":{"line":42,"column":null}},"12":{"start":{"line":38,"column":8},"end":{"line":40,"column":11}},"13":{"start":{"line":41,"column":8},"end":{"line":41,"column":15}},"14":{"start":{"line":45,"column":4},"end":{"line":54,"column":6}},"15":{"start":{"line":56,"column":4},"end":{"line":58,"column":7}},"16":{"start":{"line":60,"column":4},"end":{"line":60,"column":23}},"17":{"start":{"line":61,"column":4},"end":{"line":61,"column":39}},"18":{"start":{"line":6,"column":13},"end":{"line":6,"column":30}}},"fnMap":{"0":{"name":"(anonymous_8)","decl":{"start":{"line":6,"column":30},"end":{"line":6,"column":null}},"loc":{"start":{"line":9,"column":19},"end":{"line":63,"column":2}}},"1":{"name":"(anonymous_9)","decl":{"start":{"line":9,"column":19},"end":{"line":9,"column":null}},"loc":{"start":{"line":9,"column":19},"end":{"line":63,"column":1}}}},"branchMap":{"0":{"loc":{"start":{"line":20,"column":4},"end":{"line":25,"column":null}},"type":"if","locations":[{"start":{"line":20,"column":4},"end":{"line":25,"column":null}}]},"1":{"loc":{"start":{"line":31,"column":4},"end":{"line":43,"column":null}},"type":"if","locations":[{"start":{"line":31,"column":4},"end":{"line":43,"column":null}}]},"2":{"loc":{"start":{"line":37,"column":6},"end":{"line":42,"column":null}},"type":"if","locations":[{"start":{"line":37,"column":6},"end":{"line":42,"column":null}}]},"3":{"loc":{"start":{"line":37,"column":10},"end":{"line":37,"column":47}},"type":"binary-expr","locations":[{"start":{"line":37,"column":10},"end":{"line":37,"column":21}},{"start":{"line":37,"column":25},"end":{"line":37,"column":47}}]}},"s":{"0":1,"1":1,"2":3,"3":3,"4":3,"5":3,"6":1,"7":1,"8":2,"9":2,"10":2,"11":2,"12":1,"13":1,"14":1,"15":1,"16":0,"17":0,"18":1},"f":{"0":3,"1":3},"b":{"0":[1],"1":[2],"2":[1],"3":[2,1]}}
,"C:\\File Eki\\TypeScript\\typescript-express-perpus\\src\\controllers\\Members\\createMembers.ts": {"path":"C:\\File Eki\\TypeScript\\typescript-express-perpus\\src\\controllers\\Members\\createMembers.ts","statementMap":{"0":{"start":{"line":2,"column":0},"end":{"line":2,"column":46}},"1":{"start":{"line":3,"column":0},"end":{"line":3,"column":34}},"2":{"start":{"line":6,"column":25},"end":{"line":52,"column":2}},"3":{"start":{"line":6,"column":78},"end":{"line":52,"column":2}},"4":{"start":{"line":8,"column":31},"end":{"line":8,"column":39}},"5":{"start":{"line":11,"column":2},"end":{"line":16,"column":null}},"6":{"start":{"line":12,"column":4},"end":{"line":15,"column":null}},"7":{"start":{"line":13,"column":6},"end":{"line":13,"column":56}},"8":{"start":{"line":14,"column":6},"end":{"line":14,"column":13}},"9":{"start":{"line":19,"column":2},"end":{"line":26,"column":null}},"10":{"start":{"line":20,"column":4},"end":{"line":25,"column":null}},"11":{"start":{"line":21,"column":6},"end":{"line":23,"column":9}},"12":{"start":{"line":24,"column":6},"end":{"line":24,"column":13}},"13":{"start":{"line":29,"column":19},"end":{"line":33,"column":4}},"14":{"start":{"line":34,"column":2},"end":{"line":37,"column":null}},"15":{"start":{"line":35,"column":4},"end":{"line":35,"column":57}},"16":{"start":{"line":36,"column":4},"end":{"line":36,"column":11}},"17":{"start":{"line":40,"column":2},"end":{"line":51,"column":null}},"18":{"start":{"line":41,"column":4},"end":{"line":45,"column":7}},"19":{"start":{"line":46,"column":4},"end":{"line":46,"column":55}},"20":{"start":{"line":48,"column":4},"end":{"line":50,"column":7}},"21":{"start":{"line":6,"column":13},"end":{"line":6,"column":25}}},"fnMap":{"0":{"name":"(anonymous_8)","decl":{"start":{"line":6,"column":25},"end":{"line":6,"column":32}},"loc":{"start":{"line":6,"column":78},"end":{"line":52,"column":2}}},"1":{"name":"(anonymous_9)","decl":{"start":{"line":6,"column":78},"end":{"line":6,"column":null}},"loc":{"start":{"line":6,"column":78},"end":{"line":52,"column":1}}}},"branchMap":{"0":{"loc":{"start":{"line":11,"column":2},"end":{"line":16,"column":null}},"type":"if","locations":[{"start":{"line":11,"column":2},"end":{"line":16,"column":null}}]},"1":{"loc":{"start":{"line":12,"column":4},"end":{"line":15,"column":null}},"type":"if","locations":[{"start":{"line":12,"column":4},"end":{"line":15,"column":null}}]},"2":{"loc":{"start":{"line":19,"column":2},"end":{"line":26,"column":null}},"type":"if","locations":[{"start":{"line":19,"column":2},"end":{"line":26,"column":null}}]},"3":{"loc":{"start":{"line":20,"column":4},"end":{"line":25,"column":null}},"type":"if","locations":[{"start":{"line":20,"column":4},"end":{"line":25,"column":null}}]},"4":{"loc":{"start":{"line":34,"column":2},"end":{"line":37,"column":null}},"type":"if","locations":[{"start":{"line":34,"column":2},"end":{"line":37,"column":null}}]}},"s":{"0":1,"1":1,"2":1,"3":4,"4":4,"5":4,"6":4,"7":1,"8":1,"9":3,"10":3,"11":1,"12":1,"13":2,"14":2,"15":1,"16":1,"17":1,"18":1,"19":1,"20":0,"21":1},"f":{"0":4,"1":4},"b":{"0":[4],"1":[1],"2":[3],"3":[1],"4":[1]}}
,"C:\\File Eki\\TypeScript\\typescript-express-perpus\\src\\controllers\\Members\\deleteMembers.ts": {"path":"C:\\File Eki\\TypeScript\\typescript-express-perpus\\src\\controllers\\Members\\deleteMembers.ts","statementMap":{"0":{"start":{"line":2,"column":0},"end":{"line":2,"column":46}},"1":{"start":{"line":5,"column":28},"end":{"line":37,"column":2}},"2":{"start":{"line":8,"column":19},"end":{"line":37,"column":2}},"3":{"start":{"line":9,"column":2},"end":{"line":36,"column":null}},"4":{"start":{"line":11,"column":20},"end":{"line":15,"column":6}},"5":{"start":{"line":18,"column":4},"end":{"line":21,"column":null}},"6":{"start":{"line":19,"column":6},"end":{"line":19,"column":75}},"7":{"start":{"line":20,"column":6},"end":{"line":20,"column":13}},"8":{"start":{"line":24,"column":4},"end":{"line":28,"column":7}},"9":{"start":{"line":31,"column":4},"end":{"line":31,"column":74}},"10":{"start":{"line":33,"column":4},"end":{"line":33,"column":23}},"11":{"start":{"line":35,"column":4},"end":{"line":35,"column":27}},"12":{"start":{"line":5,"column":13},"end":{"line":5,"column":28}}},"fnMap":{"0":{"name":"(anonymous_8)","decl":{"start":{"line":5,"column":28},"end":{"line":5,"column":null}},"loc":{"start":{"line":8,"column":19},"end":{"line":37,"column":2}}},"1":{"name":"(anonymous_9)","decl":{"start":{"line":8,"column":19},"end":{"line":8,"column":null}},"loc":{"start":{"line":8,"column":19},"end":{"line":37,"column":1}}}},"branchMap":{"0":{"loc":{"start":{"line":18,"column":4},"end":{"line":21,"column":null}},"type":"if","locations":[{"start":{"line":18,"column":4},"end":{"line":21,"column":null}}]}},"s":{"0":1,"1":1,"2":2,"3":2,"4":2,"5":2,"6":1,"7":1,"8":1,"9":1,"10":0,"11":0,"12":1},"f":{"0":2,"1":2},"b":{"0":[1]}}
,"C:\\File Eki\\TypeScript\\typescript-express-perpus\\src\\controllers\\Members\\getMembers.ts": {"path":"C:\\File Eki\\TypeScript\\typescript-express-perpus\\src\\controllers\\Members\\getMembers.ts","statementMap":{"0":{"start":{"line":2,"column":0},"end":{"line":2,"column":46}},"1":{"start":{"line":6,"column":25},"end":{"line":16,"column":2}},"2":{"start":{"line":6,"column":78},"end":{"line":16,"column":2}},"3":{"start":{"line":7,"column":2},"end":{"line":15,"column":null}},"4":{"start":{"line":8,"column":20},"end":{"line":10,"column":6}},"5":{"start":{"line":11,"column":4},"end":{"line":11,"column":22}},"6":{"start":{"line":13,"column":4},"end":{"line":13,"column":23}},"7":{"start":{"line":14,"column":4},"end":{"line":14,"column":27}},"8":{"start":{"line":6,"column":13},"end":{"line":6,"column":25}},"9":{"start":{"line":19,"column":29},"end":{"line":41,"column":2}},"10":{"start":{"line":22,"column":19},"end":{"line":41,"column":2}},"11":{"start":{"line":23,"column":2},"end":{"line":40,"column":null}},"12":{"start":{"line":24,"column":20},"end":{"line":29,"column":6}},"13":{"start":{"line":30,"column":4},"end":{"line":35,"column":null}},"14":{"start":{"line":31,"column":6},"end":{"line":33,"column":9}},"15":{"start":{"line":34,"column":6},"end":{"line":34,"column":13}},"16":{"start":{"line":36,"column":4},"end":{"line":36,"column":22}},"17":{"start":{"line":38,"column":4},"end":{"line":38,"column":23}},"18":{"start":{"line":39,"column":4},"end":{"line":39,"column":27}},"19":{"start":{"line":19,"column":13},"end":{"line":19,"column":29}}},"fnMap":{"0":{"name":"(anonymous_8)","decl":{"start":{"line":6,"column":25},"end":{"line":6,"column":32}},"loc":{"start":{"line":6,"column":78},"end":{"line":16,"column":2}}},"1":{"name":"(anonymous_9)","decl":{"start":{"line":6,"column":78},"end":{"line":6,"column":null}},"loc":{"start":{"line":6,"column":78},"end":{"line":16,"column":1}}},"2":{"name":"(anonymous_10)","decl":{"start":{"line":19,"column":29},"end":{"line":19,"column":null}},"loc":{"start":{"line":22,"column":19},"end":{"line":41,"column":2}}},"3":{"name":"(anonymous_11)","decl":{"start":{"line":22,"column":19},"end":{"line":22,"column":null}},"loc":{"start":{"line":22,"column":19},"end":{"line":41,"column":1}}}},"branchMap":{"0":{"loc":{"start":{"line":30,"column":4},"end":{"line":35,"column":null}},"type":"if","locations":[{"start":{"line":30,"column":4},"end":{"line":35,"column":null}}]}},"s":{"0":1,"1":1,"2":1,"3":1,"4":1,"5":1,"6":0,"7":0,"8":1,"9":1,"10":2,"11":2,"12":2,"13":2,"14":1,"15":1,"16":1,"17":0,"18":0,"19":1},"f":{"0":1,"1":1,"2":2,"3":2},"b":{"0":[1]}}
,"C:\\File Eki\\TypeScript\\typescript-express-perpus\\src\\controllers\\Members\\updateMembers.ts": {"path":"C:\\File Eki\\TypeScript\\typescript-express-perpus\\src\\controllers\\Members\\updateMembers.ts","statementMap":{"0":{"start":{"line":2,"column":0},"end":{"line":2,"column":46}},"1":{"start":{"line":3,"column":0},"end":{"line":3,"column":34}},"2":{"start":{"line":7,"column":28},"end":{"line":81,"column":2}},"3":{"start":{"line":10,"column":19},"end":{"line":81,"column":2}},"4":{"start":{"line":12,"column":18},"end":{"line":16,"column":4}},"5":{"start":{"line":19,"column":2},"end":{"line":24,"column":null}},"6":{"start":{"line":20,"column":4},"end":{"line":22,"column":72}},"7":{"start":{"line":23,"column":4},"end":{"line":23,"column":11}},"8":{"start":{"line":27,"column":31},"end":{"line":27,"column":39}},"9":{"start":{"line":30,"column":2},"end":{"line":47,"column":null}},"10":{"start":{"line":31,"column":4},"end":{"line":34,"column":null}},"11":{"start":{"line":32,"column":6},"end":{"line":32,"column":56}},"12":{"start":{"line":33,"column":6},"end":{"line":33,"column":13}},"13":{"start":{"line":36,"column":21},"end":{"line":40,"column":6}},"14":{"start":{"line":41,"column":4},"end":{"line":46,"column":null}},"15":{"start":{"line":42,"column":6},"end":{"line":44,"column":9}},"16":{"start":{"line":45,"column":6},"end":{"line":45,"column":13}},"17":{"start":{"line":50,"column":2},"end":{"line":57,"column":null}},"18":{"start":{"line":51,"column":4},"end":{"line":56,"column":null}},"19":{"start":{"line":52,"column":6},"end":{"line":54,"column":9}},"20":{"start":{"line":55,"column":6},"end":{"line":55,"column":13}},"21":{"start":{"line":60,"column":2},"end":{"line":80,"column":null}},"22":{"start":{"line":61,"column":4},"end":{"line":72,"column":6}},"23":{"start":{"line":74,"column":4},"end":{"line":76,"column":7}},"24":{"start":{"line":78,"column":4},"end":{"line":78,"column":23}},"25":{"start":{"line":79,"column":4},"end":{"line":79,"column":39}},"26":{"start":{"line":7,"column":13},"end":{"line":7,"column":28}}},"fnMap":{"0":{"name":"(anonymous_8)","decl":{"start":{"line":7,"column":28},"end":{"line":7,"column":null}},"loc":{"start":{"line":10,"column":19},"end":{"line":81,"column":2}}},"1":{"name":"(anonymous_9)","decl":{"start":{"line":10,"column":19},"end":{"line":10,"column":null}},"loc":{"start":{"line":10,"column":19},"end":{"line":81,"column":1}}}},"branchMap":{"0":{"loc":{"start":{"line":19,"column":2},"end":{"line":24,"column":null}},"type":"if","locations":[{"start":{"line":19,"column":2},"end":{"line":24,"column":null}}]},"1":{"loc":{"start":{"line":30,"column":2},"end":{"line":47,"column":null}},"type":"if","locations":[{"start":{"line":30,"column":2},"end":{"line":47,"column":null}}]},"2":{"loc":{"start":{"line":31,"column":4},"end":{"line":34,"column":null}},"type":"if","locations":[{"start":{"line":31,"column":4},"end":{"line":34,"column":null}}]},"3":{"loc":{"start":{"line":41,"column":4},"end":{"line":46,"column":null}},"type":"if","locations":[{"start":{"line":41,"column":4},"end":{"line":46,"column":null}}]},"4":{"loc":{"start":{"line":41,"column":8},"end":{"line":41,"column":43}},"type":"binary-expr","locations":[{"start":{"line":41,"column":8},"end":{"line":41,"column":16}},{"start":{"line":41,"column":20},"end":{"line":41,"column":43}}]},"5":{"loc":{"start":{"line":50,"column":2},"end":{"line":57,"column":null}},"type":"if","locations":[{"start":{"line":50,"column":2},"end":{"line":57,"column":null}}]},"6":{"loc":{"start":{"line":51,"column":4},"end":{"line":56,"column":null}},"type":"if","locations":[{"start":{"line":51,"column":4},"end":{"line":56,"column":null}}]}},"s":{"0":1,"1":1,"2":1,"3":5,"4":5,"5":5,"6":1,"7":1,"8":4,"9":4,"10":3,"11":1,"12":1,"13":2,"14":2,"15":1,"16":1,"17":2,"18":2,"19":1,"20":1,"21":1,"22":1,"23":1,"24":0,"25":0,"26":1},"f":{"0":5,"1":5},"b":{"0":[1],"1":[3],"2":[1],"3":[1],"4":[2,1],"5":[2],"6":[1]}}
,"C:\\File Eki\\TypeScript\\typescript-express-perpus\\src\\controllers\\Users\\createUsers.ts": {"path":"C:\\File Eki\\TypeScript\\typescript-express-perpus\\src\\controllers\\Users\\createUsers.ts","statementMap":{"0":{"start":{"line":2,"column":0},"end":{"line":2,"column":43}},"1":{"start":{"line":3,"column":0},"end":{"line":3,"column":28}},"2":{"start":{"line":4,"column":0},"end":{"line":4,"column":34}},"3":{"start":{"line":7,"column":26},"end":{"line":64,"column":2}},"4":{"start":{"line":10,"column":19},"end":{"line":64,"column":2}},"5":{"start":{"line":11,"column":54},"end":{"line":11,"column":62}},"6":{"start":{"line":15,"column":2},"end":{"line":20,"column":null}},"7":{"start":{"line":16,"column":4},"end":{"line":19,"column":null}},"8":{"start":{"line":17,"column":6},"end":{"line":17,"column":56}},"9":{"start":{"line":18,"column":6},"end":{"line":18,"column":13}},"10":{"start":{"line":23,"column":19},"end":{"line":27,"column":4}},"11":{"start":{"line":28,"column":2},"end":{"line":31,"column":null}},"12":{"start":{"line":29,"column":4},"end":{"line":29,"column":57}},"13":{"start":{"line":30,"column":4},"end":{"line":30,"column":11}},"14":{"start":{"line":34,"column":2},"end":{"line":37,"column":null}},"15":{"start":{"line":35,"column":4},"end":{"line":35,"column":73}},"16":{"start":{"line":36,"column":4},"end":{"line":36,"column":11}},"17":{"start":{"line":40,"column":2},"end":{"line":45,"column":null}},"18":{"start":{"line":41,"column":4},"end":{"line":43,"column":7}},"19":{"start":{"line":44,"column":4},"end":{"line":44,"column":11}},"20":{"start":{"line":48,"column":15},"end":{"line":48,"column":37}},"21":{"start":{"line":49,"column":23},"end":{"line":49,"column":56}},"22":{"start":{"line":52,"column":2},"end":{"line":63,"column":null}},"23":{"start":{"line":53,"column":4},"end":{"line":58,"column":7}},"24":{"start":{"line":59,"column":4},"end":{"line":59,"column":55}},"25":{"start":{"line":61,"column":4},"end":{"line":61,"column":23}},"26":{"start":{"line":62,"column":4},"end":{"line":62,"column":27}},"27":{"start":{"line":7,"column":13},"end":{"line":7,"column":26}}},"fnMap":{"0":{"name":"(anonymous_8)","decl":{"start":{"line":7,"column":26},"end":{"line":7,"column":null}},"loc":{"start":{"line":10,"column":19},"end":{"line":64,"column":2}}},"1":{"name":"(anonymous_9)","decl":{"start":{"line":10,"column":19},"end":{"line":10,"column":null}},"loc":{"start":{"line":10,"column":19},"end":{"line":64,"column":1}}}},"branchMap":{"0":{"loc":{"start":{"line":15,"column":2},"end":{"line":20,"column":null}},"type":"if","locations":[{"start":{"line":15,"column":2},"end":{"line":20,"column":null}}]},"1":{"loc":{"start":{"line":16,"column":4},"end":{"line":19,"column":null}},"type":"if","locations":[{"start":{"line":16,"column":4},"end":{"line":19,"column":null}}]},"2":{"loc":{"start":{"line":28,"column":2},"end":{"line":31,"column":null}},"type":"if","locations":[{"start":{"line":28,"column":2},"end":{"line":31,"column":null}}]},"3":{"loc":{"start":{"line":34,"column":2},"end":{"line":37,"column":null}},"type":"if","locations":[{"start":{"line":34,"column":2},"end":{"line":37,"column":null}}]},"4":{"loc":{"start":{"line":40,"column":2},"end":{"line":45,"column":null}},"type":"if","locations":[{"start":{"line":40,"column":2},"end":{"line":45,"column":null}}]},"5":{"loc":{"start":{"line":40,"column":6},"end":{"line":40,"column":48}},"type":"binary-expr","locations":[{"start":{"line":40,"column":6},"end":{"line":40,"column":28}},{"start":{"line":40,"column":32},"end":{"line":40,"column":48}}]}},"s":{"0":1,"1":1,"2":1,"3":1,"4":5,"5":5,"6":5,"7":5,"8":1,"9":1,"10":4,"11":4,"12":1,"13":1,"14":3,"15":1,"16":1,"17":2,"18":1,"19":1,"20":1,"21":1,"22":1,"23":1,"24":1,"25":0,"26":0,"27":1},"f":{"0":5,"1":5},"b":{"0":[5],"1":[1],"2":[1],"3":[1],"4":[1],"5":[2,1]}}
,"C:\\File Eki\\TypeScript\\typescript-express-perpus\\src\\controllers\\Users\\deleteUsers.ts": {"path":"C:\\File Eki\\TypeScript\\typescript-express-perpus\\src\\controllers\\Users\\deleteUsers.ts","statementMap":{"0":{"start":{"line":2,"column":0},"end":{"line":2,"column":43}},"1":{"start":{"line":11,"column":26},"end":{"line":53,"column":2}},"2":{"start":{"line":14,"column":19},"end":{"line":53,"column":2}},"3":{"start":{"line":15,"column":2},"end":{"line":52,"column":null}},"4":{"start":{"line":17,"column":17},"end":{"line":21,"column":6}},"5":{"start":{"line":23,"column":4},"end":{"line":28,"column":null}},"6":{"start":{"line":24,"column":6},"end":{"line":26,"column":72}},"7":{"start":{"line":27,"column":6},"end":{"line":27,"column":13}},"8":{"start":{"line":31,"column":4},"end":{"line":43,"column":null}},"9":{"start":{"line":33,"column":6},"end":{"line":37,"column":9}},"10":{"start":{"line":39,"column":6},"end":{"line":41,"column":9}},"11":{"start":{"line":42,"column":6},"end":{"line":42,"column":13}},"12":{"start":{"line":46,"column":4},"end":{"line":48,"column":71}},"13":{"start":{"line":51,"column":4},"end":{"line":51,"column":39}},"14":{"start":{"line":11,"column":13},"end":{"line":11,"column":26}}},"fnMap":{"0":{"name":"(anonymous_8)","decl":{"start":{"line":11,"column":26},"end":{"line":11,"column":null}},"loc":{"start":{"line":14,"column":19},"end":{"line":53,"column":2}}},"1":{"name":"(anonymous_9)","decl":{"start":{"line":14,"column":19},"end":{"line":14,"column":null}},"loc":{"start":{"line":14,"column":19},"end":{"line":53,"column":1}}}},"branchMap":{"0":{"loc":{"start":{"line":23,"column":4},"end":{"line":28,"column":null}},"type":"if","locations":[{"start":{"line":23,"column":4},"end":{"line":28,"column":null}}]},"1":{"loc":{"start":{"line":31,"column":4},"end":{"line":43,"column":null}},"type":"if","locations":[{"start":{"line":31,"column":4},"end":{"line":43,"column":null}},{"start":{"line":38,"column":11},"end":{"line":43,"column":null}}]}},"s":{"0":1,"1":1,"2":3,"3":3,"4":3,"5":3,"6":1,"7":1,"8":2,"9":1,"10":1,"11":1,"12":1,"13":0,"14":1},"f":{"0":3,"1":3},"b":{"0":[1],"1":[1,1]}}
,"C:\\File Eki\\TypeScript\\typescript-express-perpus\\src\\controllers\\Users\\getUsers.ts": {"path":"C:\\File Eki\\TypeScript\\typescript-express-perpus\\src\\controllers\\Users\\getUsers.ts","statementMap":{"0":{"start":{"line":2,"column":0},"end":{"line":2,"column":43}},"1":{"start":{"line":7,"column":23},"end":{"line":16,"column":2}},"2":{"start":{"line":7,"column":76},"end":{"line":16,"column":2}},"3":{"start":{"line":8,"column":2},"end":{"line":15,"column":null}},"4":{"start":{"line":9,"column":18},"end":{"line":11,"column":6}},"5":{"start":{"line":12,"column":4},"end":{"line":12,"column":20}},"6":{"start":{"line":14,"column":4},"end":{"line":14,"column":23}},"7":{"start":{"line":7,"column":13},"end":{"line":7,"column":23}},"8":{"start":{"line":19,"column":27},"end":{"line":43,"column":2}},"9":{"start":{"line":22,"column":19},"end":{"line":43,"column":2}},"10":{"start":{"line":23,"column":2},"end":{"line":42,"column":null}},"11":{"start":{"line":24,"column":18},"end":{"line":29,"column":6}},"12":{"start":{"line":30,"column":4},"end":{"line":36,"column":null}},"13":{"start":{"line":31,"column":6},"end":{"line":33,"column":9}},"14":{"start":{"line":35,"column":6},"end":{"line":35,"column":34}},"15":{"start":{"line":38,"column":4},"end":{"line":38,"column":23}},"16":{"start":{"line":39,"column":4},"end":{"line":41,"column":7}},"17":{"start":{"line":19,"column":13},"end":{"line":19,"column":27}}},"fnMap":{"0":{"name":"(anonymous_8)","decl":{"start":{"line":7,"column":23},"end":{"line":7,"column":30}},"loc":{"start":{"line":7,"column":76},"end":{"line":16,"column":2}}},"1":{"name":"(anonymous_9)","decl":{"start":{"line":7,"column":76},"end":{"line":7,"column":null}},"loc":{"start":{"line":7,"column":76},"end":{"line":16,"column":1}}},"2":{"name":"(anonymous_10)","decl":{"start":{"line":19,"column":27},"end":{"line":19,"column":null}},"loc":{"start":{"line":22,"column":19},"end":{"line":43,"column":2}}},"3":{"name":"(anonymous_11)","decl":{"start":{"line":22,"column":19},"end":{"line":22,"column":null}},"loc":{"start":{"line":22,"column":19},"end":{"line":43,"column":1}}}},"branchMap":{"0":{"loc":{"start":{"line":30,"column":4},"end":{"line":36,"column":null}},"type":"if","locations":[{"start":{"line":30,"column":4},"end":{"line":36,"column":null}},{"start":{"line":34,"column":11},"end":{"line":36,"column":null}}]}},"s":{"0":1,"1":1,"2":1,"3":1,"4":1,"5":1,"6":0,"7":1,"8":1,"9":2,"10":2,"11":2,"12":2,"13":1,"14":1,"15":0,"16":0,"17":1},"f":{"0":1,"1":1,"2":2,"3":2},"b":{"0":[1,1]}}
,"C:\\File Eki\\TypeScript\\typescript-express-perpus\\src\\controllers\\Users\\loginUsers.ts": {"path":"C:\\File Eki\\TypeScript\\typescript-express-perpus\\src\\controllers\\Users\\loginUsers.ts","statementMap":{"0":{"start":{"line":3,"column":0},"end":{"line":3,"column":43}},"1":{"start":{"line":4,"column":0},"end":{"line":4,"column":28}},"2":{"start":{"line":5,"column":0},"end":{"line":5,"column":31}},"3":{"start":{"line":9,"column":21},"end":{"line":73,"column":2}},"4":{"start":{"line":9,"column":74},"end":{"line":73,"column":2}},"5":{"start":{"line":10,"column":2},"end":{"line":72,"column":null}},"6":{"start":{"line":11,"column":17},"end":{"line":15,"column":6}},"7":{"start":{"line":18,"column":4},"end":{"line":21,"column":null}},"8":{"start":{"line":19,"column":6},"end":{"line":19,"column":64}},"9":{"start":{"line":20,"column":6},"end":{"line":20,"column":13}},"10":{"start":{"line":24,"column":18},"end":{"line":24,"column":75}},"11":{"start":{"line":27,"column":4},"end":{"line":30,"column":null}},"12":{"start":{"line":28,"column":6},"end":{"line":28,"column":64}},"13":{"start":{"line":29,"column":6},"end":{"line":29,"column":13}},"14":{"start":{"line":33,"column":19},"end":{"line":33,"column":29}},"15":{"start":{"line":34,"column":17},"end":{"line":34,"column":29}},"16":{"start":{"line":35,"column":18},"end":{"line":35,"column":31}},"17":{"start":{"line":36,"column":17},"end":{"line":36,"column":29}},"18":{"start":{"line":39,"column":24},"end":{"line":44,"column":null}},"19":{"start":{"line":48,"column":25},"end":{"line":53,"column":null}},"20":{"start":{"line":55,"column":4},"end":{"line":62,"column":6}},"21":{"start":{"line":65,"column":4},"end":{"line":68,"column":7}},"22":{"start":{"line":69,"column":4},"end":{"line":69,"column":28}},"23":{"start":{"line":71,"column":4},"end":{"line":71,"column":20}},"24":{"start":{"line":9,"column":13},"end":{"line":9,"column":21}}},"fnMap":{"0":{"name":"(anonymous_8)","decl":{"start":{"line":9,"column":21},"end":{"line":9,"column":28}},"loc":{"start":{"line":9,"column":74},"end":{"line":73,"column":2}}},"1":{"name":"(anonymous_9)","decl":{"start":{"line":9,"column":74},"end":{"line":9,"column":null}},"loc":{"start":{"line":9,"column":74},"end":{"line":73,"column":1}}}},"branchMap":{"0":{"loc":{"start":{"line":18,"column":4},"end":{"line":21,"column":null}},"type":"if","locations":[{"start":{"line":18,"column":4},"end":{"line":21,"column":null}}]},"1":{"loc":{"start":{"line":27,"column":4},"end":{"line":30,"column":null}},"type":"if","locations":[{"start":{"line":27,"column":4},"end":{"line":30,"column":null}}]}},"s":{"0":1,"1":1,"2":1,"3":1,"4":3,"5":3,"6":3,"7":3,"8":1,"9":0,"10":2,"11":2,"12":1,"13":0,"14":1,"15":1,"16":1,"17":1,"18":1,"19":1,"20":1,"21":1,"22":1,"23":2,"24":1},"f":{"0":3,"1":3},"b":{"0":[1],"1":[1]}}
,"C:\\File Eki\\TypeScript\\typescript-express-perpus\\src\\controllers\\Users\\logoutUsers.ts": {"path":"C:\\File Eki\\TypeScript\\typescript-express-perpus\\src\\controllers\\Users\\logoutUsers.ts","statementMap":{"0":{"start":{"line":2,"column":0},"end":{"line":2,"column":43}},"1":{"start":{"line":5,"column":22},"end":{"line":47,"column":2}},"2":{"start":{"line":5,"column":75},"end":{"line":47,"column":2}},"3":{"start":{"line":6,"column":23},"end":{"line":6,"column":48}},"4":{"start":{"line":9,"column":2},"end":{"line":12,"column":null}},"5":{"start":{"line":10,"column":4},"end":{"line":10,"column":20}},"6":{"start":{"line":11,"column":4},"end":{"line":11,"column":11}},"7":{"start":{"line":15,"column":15},"end":{"line":19,"column":4}},"8":{"start":{"line":22,"column":2},"end":{"line":25,"column":null}},"9":{"start":{"line":23,"column":4},"end":{"line":23,"column":20}},"10":{"start":{"line":24,"column":4},"end":{"line":24,"column":11}},"11":{"start":{"line":28,"column":17},"end":{"line":28,"column":27}},"12":{"start":{"line":30,"column":2},"end":{"line":39,"column":4}},"13":{"start":{"line":42,"column":2},"end":{"line":42,"column":34}},"14":{"start":{"line":43,"column":2},"end":{"line":45,"column":5}},"15":{"start":{"line":46,"column":2},"end":{"line":46,"column":9}},"16":{"start":{"line":5,"column":13},"end":{"line":5,"column":22}}},"fnMap":{"0":{"name":"(anonymous_8)","decl":{"start":{"line":5,"column":22},"end":{"line":5,"column":29}},"loc":{"start":{"line":5,"column":75},"end":{"line":47,"column":2}}},"1":{"name":"(anonymous_9)","decl":{"start":{"line":5,"column":75},"end":{"line":5,"column":null}},"loc":{"start":{"line":5,"column":75},"end":{"line":47,"column":1}}}},"branchMap":{"0":{"loc":{"start":{"line":6,"column":23},"end":{"line":6,"column":48}},"type":"cond-expr","locations":[{"start":{"line":6,"column":34},"end":{"line":6,"column":36}},{"start":{"line":6,"column":34},"end":{"line":6,"column":48}}]},"1":{"loc":{"start":{"line":6,"column":23},"end":{"line":6,"column":36}},"type":"binary-expr","locations":[{"start":{"line":6,"column":23},"end":{"line":6,"column":36}},{"start":{"line":6,"column":34},"end":{"line":6,"column":36}}]},"2":{"loc":{"start":{"line":9,"column":2},"end":{"line":12,"column":null}},"type":"if","locations":[{"start":{"line":9,"column":2},"end":{"line":12,"column":null}}]},"3":{"loc":{"start":{"line":22,"column":2},"end":{"line":25,"column":null}},"type":"if","locations":[{"start":{"line":22,"column":2},"end":{"line":25,"column":null}}]}},"s":{"0":1,"1":1,"2":3,"3":3,"4":3,"5":1,"6":1,"7":2,"8":2,"9":1,"10":1,"11":1,"12":1,"13":1,"14":1,"15":1,"16":1},"f":{"0":3,"1":3},"b":{"0":[0,3],"1":[3,3],"2":[1],"3":[1]}}
,"C:\\File Eki\\TypeScript\\typescript-express-perpus\\src\\controllers\\Users\\updateUsers.ts": {"path":"C:\\File Eki\\TypeScript\\typescript-express-perpus\\src\\controllers\\Users\\updateUsers.ts","statementMap":{"0":{"start":{"line":2,"column":0},"end":{"line":2,"column":43}},"1":{"start":{"line":3,"column":0},"end":{"line":3,"column":28}},"2":{"start":{"line":5,"column":0},"end":{"line":5,"column":34}},"3":{"start":{"line":8,"column":26},"end":{"line":87,"column":2}},"4":{"start":{"line":11,"column":19},"end":{"line":87,"column":2}},"5":{"start":{"line":13,"column":15},"end":{"line":17,"column":4}},"6":{"start":{"line":19,"column":2},"end":{"line":24,"column":null}},"7":{"start":{"line":20,"column":4},"end":{"line":22,"column":7}},"8":{"start":{"line":23,"column":4},"end":{"line":23,"column":11}},"9":{"start":{"line":27,"column":54},"end":{"line":27,"column":62}},"10":{"start":{"line":30,"column":2},"end":{"line":47,"column":null}},"11":{"start":{"line":31,"column":4},"end":{"line":34,"column":null}},"12":{"start":{"line":32,"column":6},"end":{"line":32,"column":56}},"13":{"start":{"line":33,"column":6},"end":{"line":33,"column":13}},"14":{"start":{"line":36,"column":21},"end":{"line":40,"column":6}},"15":{"start":{"line":41,"column":4},"end":{"line":46,"column":null}},"16":{"start":{"line":42,"column":6},"end":{"line":44,"column":9}},"17":{"start":{"line":45,"column":6},"end":{"line":45,"column":13}},"18":{"start":{"line":51,"column":15},"end":{"line":51,"column":37}},"19":{"start":{"line":52,"column":2},"end":{"line":56,"column":null}},"20":{"start":{"line":53,"column":4},"end":{"line":53,"column":53}},"21":{"start":{"line":55,"column":4},"end":{"line":55,"column":33}},"22":{"start":{"line":59,"column":2},"end":{"line":64,"column":null}},"23":{"start":{"line":60,"column":4},"end":{"line":62,"column":7}},"24":{"start":{"line":63,"column":4},"end":{"line":63,"column":11}},"25":{"start":{"line":66,"column":2},"end":{"line":86,"column":null}},"26":{"start":{"line":67,"column":4},"end":{"line":79,"column":6}},"27":{"start":{"line":81,"column":4},"end":{"line":83,"column":7}},"28":{"start":{"line":85,"column":4},"end":{"line":85,"column":23}},"29":{"start":{"line":8,"column":13},"end":{"line":8,"column":26}}},"fnMap":{"0":{"name":"(anonymous_8)","decl":{"start":{"line":8,"column":26},"end":{"line":8,"column":null}},"loc":{"start":{"line":11,"column":19},"end":{"line":87,"column":2}}},"1":{"name":"(anonymous_9)","decl":{"start":{"line":11,"column":19},"end":{"line":11,"column":null}},"loc":{"start":{"line":11,"column":19},"end":{"line":87,"column":1}}}},"branchMap":{"0":{"loc":{"start":{"line":19,"column":2},"end":{"line":24,"column":null}},"type":"if","locations":[{"start":{"line":19,"column":2},"end":{"line":24,"column":null}}]},"1":{"loc":{"start":{"line":30,"column":2},"end":{"line":47,"column":null}},"type":"if","locations":[{"start":{"line":30,"column":2},"end":{"line":47,"column":null}}]},"2":{"loc":{"start":{"line":31,"column":4},"end":{"line":34,"column":null}},"type":"if","locations":[{"start":{"line":31,"column":4},"end":{"line":34,"column":null}}]},"3":{"loc":{"start":{"line":41,"column":4},"end":{"line":46,"column":null}},"type":"if","locations":[{"start":{"line":41,"column":4},"end":{"line":46,"column":null}}]},"4":{"loc":{"start":{"line":41,"column":8},"end":{"line":41,"column":40}},"type":"binary-expr","locations":[{"start":{"line":41,"column":8},"end":{"line":41,"column":16}},{"start":{"line":41,"column":20},"end":{"line":41,"column":40}}]},"5":{"loc":{"start":{"line":52,"column":2},"end":{"line":56,"column":null}},"type":"if","locations":[{"start":{"line":52,"column":2},"end":{"line":56,"column":null}},{"start":{"line":54,"column":9},"end":{"line":56,"column":null}}]},"6":{"loc":{"start":{"line":52,"column":6},"end":{"line":52,"column":77}},"type":"binary-expr","locations":[{"start":{"line":52,"column":6},"end":{"line":52,"column":37}},{"start":{"line":52,"column":41},"end":{"line":52,"column":58}},{"start":{"line":52,"column":62},"end":{"line":52,"column":77}}]},"7":{"loc":{"start":{"line":59,"column":2},"end":{"line":64,"column":null}},"type":"if","locations":[{"start":{"line":59,"column":2},"end":{"line":64,"column":null}}]}},"s":{"0":1,"1":1,"2":1,"3":1,"4":4,"5":4,"6":4,"7":1,"8":1,"9":3,"10":3,"11":3,"12":1,"13":1,"14":2,"15":2,"16":1,"17":1,"18":1,"19":1,"20":1,"21":0,"22":1,"23":0,"24":0,"25":1,"26":1,"27":1,"28":0,"29":1},"f":{"0":4,"1":4},"b":{"0":[1],"1":[3],"2":[1],"3":[1],"4":[2,2],"5":[1,0],"6":[1,1,1],"7":[0]}}
,"C:\\File Eki\\TypeScript\\typescript-express-perpus\\src\\models\\borrowingModel.ts": {"path":"C:\\File Eki\\TypeScript\\typescript-express-perpus\\src\\models\\borrowingModel.ts","statementMap":{"0":{"start":{"line":2,"column":0},"end":{"line":2,"column":43}},"1":{"start":{"line":3,"column":0},"end":{"line":3,"column":30}},"2":{"start":{"line":4,"column":0},"end":{"line":4,"column":35}},"3":{"start":{"line":36,"column":0},"end":{"line":90,"column":2}},"4":{"start":{"line":93,"column":0},"end":{"line":93,"column":51}},"5":{"start":{"line":95,"column":0},"end":{"line":95,"column":54}},"6":{"start":{"line":97,"column":0},"end":{"line":97,"column":25}}},"fnMap":{},"branchMap":{},"s":{"0":1,"1":1,"2":1,"3":1,"4":1,"5":1,"6":1},"f":{},"b":{}}
,"C:\\File Eki\\TypeScript\\typescript-express-perpus\\src\\models\\categoryModel.ts": {"path":"C:\\File Eki\\TypeScript\\typescript-express-perpus\\src\\models\\categoryModel.ts","statementMap":{"0":{"start":{"line":3,"column":0},"end":{"line":3,"column":43}},"1":{"start":{"line":4,"column":0},"end":{"line":4,"column":30}},"2":{"start":{"line":29,"column":0},"end":{"line":41,"column":2}},"3":{"start":{"line":43,"column":0},"end":{"line":43,"column":26}}},"fnMap":{},"branchMap":{},"s":{"0":1,"1":1,"2":1,"3":1},"f":{},"b":{}}
,"C:\\File Eki\\TypeScript\\typescript-express-perpus\\src\\models\\memberModel.ts": {"path":"C:\\File Eki\\TypeScript\\typescript-express-perpus\\src\\models\\memberModel.ts","statementMap":{"0":{"start":{"line":1,"column":0},"end":{"line":1,"column":43}},"1":{"start":{"line":2,"column":0},"end":{"line":2,"column":30}},"2":{"start":{"line":24,"column":0},"end":{"line":57,"column":2}},"3":{"start":{"line":59,"column":0},"end":{"line":59,"column":22}}},"fnMap":{},"branchMap":{},"s":{"0":1,"1":1,"2":1,"3":1},"f":{},"b":{}}
}
