TN:
SF:src\config\db.ts
FNF:0
FNH:0
DA:1,2
DA:3,2
DA:4,2
DA:5,2
DA:6,2
DA:7,2
DA:9,2
DA:14,2
LF:8
LH:8
BRF:0
BRH:0
end_of_record
TN:
SF:src\controllers\Books\createBooks.ts
FN:7,(anonymous_8)
FN:7,(anonymous_9)
FNF:2
FNH:2
FNDA:1,(anonymous_8)
FNDA:1,(anonymous_9)
DA:2,1
DA:3,1
DA:7,1
DA:8,1
DA:9,1
DA:10,0
DA:11,0
DA:15,1
DA:21,1
DA:22,1
DA:25,1
DA:30,0
DA:35,0
DA:36,0
DA:37,0
DA:40,0
DA:41,0
DA:49,0
DA:51,0
DA:52,0
LF:20
LH:9
BRDA:9,0,0,0
BRDA:9,1,0,1
BRDA:9,1,1,0
BRDA:21,2,0,1
BRDA:35,3,0,0
BRF:5
BRH:2
end_of_record
TN:
SF:src\controllers\Books\deleteBooks.ts
FN:6,(anonymous_8)
FN:9,(anonymous_9)
FNF:2
FNH:2
FNDA:2,(anonymous_8)
FNDA:2,(anonymous_9)
DA:2,1
DA:6,1
DA:9,2
DA:10,2
DA:11,2
DA:18,2
DA:19,1
DA:22,1
DA:26,1
DA:33,1
DA:37,0
DA:38,0
LF:12
LH:10
BRDA:18,0,0,1
BRF:1
BRH:1
end_of_record
TN:
SF:src\controllers\Books\getBooks.ts
FN:8,(anonymous_8)
FN:8,(anonymous_9)
FN:36,(anonymous_10)
FN:39,(anonymous_11)
FNF:4
FNH:4
FNDA:1,(anonymous_8)
FNDA:1,(anonymous_9)
FNDA:2,(anonymous_10)
FNDA:2,(anonymous_11)
DA:2,1
DA:3,1
DA:4,1
DA:8,1
DA:9,1
DA:10,1
DA:28,1
DA:30,0
DA:31,0
DA:36,1
DA:39,2
DA:40,2
DA:41,2
DA:66,2
DA:67,1
DA:70,1
DA:72,1
DA:74,0
DA:75,0
LF:19
LH:15
BRDA:66,0,0,1
BRF:1
BRH:1
end_of_record
TN:
SF:src\controllers\Books\updateBooks.ts
FN:7,(anonymous_8)
FN:10,(anonymous_9)
FNF:2
FNH:2
FNDA:2,(anonymous_8)
FNDA:2,(anonymous_9)
DA:2,1
DA:7,1
DA:10,2
DA:12,2
DA:13,2
DA:15,2
DA:22,2
DA:23,1
DA:26,1
DA:30,1
DA:35,1
DA:36,0
DA:37,0
DA:54,1
DA:55,0
DA:56,0
DA:59,1
DA:76,1
DA:80,0
DA:81,0
LF:20
LH:14
BRDA:22,0,0,1
BRDA:35,1,0,0
BRDA:35,2,0,1
BRDA:35,2,1,0
BRDA:54,3,0,0
BRDA:54,4,0,1
BRDA:54,4,1,1
BRF:7
BRH:4
end_of_record
TN:
SF:src\controllers\Borrowing\createBorrowing.ts
FN:9,(anonymous_8)
FN:12,(anonymous_9)
FNF:2
FNH:2
FNDA:5,(anonymous_8)
FNDA:5,(anonymous_9)
DA:3,1
DA:4,1
DA:5,1
DA:9,1
DA:12,5
DA:13,5
DA:16,5
DA:23,5
DA:24,1
DA:27,1
DA:31,4
DA:37,4
DA:38,1
DA:41,1
DA:45,3
DA:46,1
DA:49,1
DA:53,2
DA:59,2
DA:60,1
DA:61,1
DA:65,1
DA:71,1
DA:72,0
DA:75,0
DA:79,1
DA:81,1
DA:82,1
DA:88,1
DA:121,1
DA:123,0
DA:124,0
LF:32
LH:28
BRDA:23,0,0,1
BRDA:37,1,0,1
BRDA:45,2,0,1
BRDA:45,3,0,3
BRDA:45,3,1,1
BRDA:59,4,0,1
BRDA:71,5,0,0
BRDA:71,6,0,1
BRDA:71,6,1,0
BRF:9
BRH:7
end_of_record
TN:
SF:src\controllers\Borrowing\deleteBorrowing.ts
FN:7,(anonymous_8)
FN:10,(anonymous_9)
FNF:2
FNH:2
FNDA:1,(anonymous_8)
FNDA:1,(anonymous_9)
DA:3,1
DA:7,1
DA:10,1
DA:11,1
DA:12,1
DA:19,1
DA:20,0
DA:23,0
DA:49,1
DA:56,1
DA:60,0
DA:61,0
LF:12
LH:8
BRDA:19,0,0,0
BRF:1
BRH:0
end_of_record
TN:
SF:src\controllers\Borrowing\getBorrowing.ts
FN:7,(anonymous_8)
FN:10,(anonymous_9)
FNF:2
FNH:2
FNDA:1,(anonymous_8)
FNDA:1,(anonymous_9)
DA:2,1
DA:3,1
DA:4,1
DA:7,1
DA:10,1
DA:11,1
DA:12,1
DA:34,1
DA:36,0
DA:37,0
LF:10
LH:8
BRF:0
BRH:0
end_of_record
TN:
SF:src\controllers\Borrowing\updateBorrowing.ts
FN:10,(anonymous_8)
FN:13,(anonymous_9)
FNF:2
FNH:2
FNDA:4,(anonymous_8)
FNDA:4,(anonymous_9)
DA:4,1
DA:5,1
DA:6,1
DA:10,1
DA:13,4
DA:15,4
DA:22,4
DA:23,1
DA:26,1
DA:29,3
DA:32,3
DA:37,3
DA:38,1
DA:41,1
DA:45,2
DA:50,2
DA:51,1
DA:54,1
DA:59,1
DA:60,0
DA:63,0
DA:67,1
DA:69,1
DA:70,1
DA:75,1
DA:76,1
DA:77,1
DA:81,1
DA:82,1
DA:83,0
DA:87,1
DA:90,1
DA:91,1
DA:117,1
DA:137,1
DA:141,0
DA:142,0
LF:37
LH:32
BRDA:22,0,0,1
BRDA:37,1,0,1
BRDA:50,2,0,1
BRDA:59,3,0,0
BRDA:59,4,0,1
BRDA:59,4,1,0
BRDA:82,5,0,0
BRDA:90,6,0,1
BRDA:123,7,0,1
BRDA:123,7,1,0
BRF:10
BRH:6
end_of_record
TN:
SF:src\controllers\Category\createCategory.ts
FN:5,(anonymous_8)
FN:8,(anonymous_9)
FNF:2
FNH:2
FNDA:2,(anonymous_8)
FNDA:2,(anonymous_9)
DA:2,1
DA:5,1
DA:8,2
DA:10,2
DA:13,2
DA:18,2
DA:19,1
DA:22,1
DA:26,1
DA:27,1
DA:30,1
DA:32,0
LF:12
LH:11
BRDA:18,0,0,1
BRF:1
BRH:1
end_of_record
TN:
SF:src\controllers\Category\deleteCategory.ts
FN:6,(anonymous_8)
FN:9,(anonymous_9)
FNF:2
FNH:2
FNDA:2,(anonymous_8)
FNDA:2,(anonymous_9)
DA:3,1
DA:6,1
DA:9,2
DA:10,2
DA:11,2
DA:17,2
DA:18,1
DA:21,1
DA:25,1
DA:32,1
DA:36,0
DA:38,0
LF:12
LH:10
BRDA:17,0,0,1
BRF:1
BRH:1
end_of_record
TN:
SF:src\controllers\Category\getCategory.ts
FN:6,(anonymous_8)
FN:9,(anonymous_9)
FN:22,(anonymous_10)
FN:25,(anonymous_11)
FNF:4
FNH:4
FNDA:1,(anonymous_8)
FNDA:1,(anonymous_9)
FNDA:2,(anonymous_10)
FNDA:2,(anonymous_11)
DA:2,1
DA:6,1
DA:9,1
DA:10,1
DA:11,1
DA:14,1
DA:16,0
DA:17,0
DA:22,1
DA:25,2
DA:26,2
DA:27,2
DA:34,2
DA:35,1
DA:38,1
DA:40,1
DA:42,0
DA:43,0
LF:18
LH:14
BRDA:34,0,0,1
BRF:1
BRH:1
end_of_record
TN:
SF:src\controllers\Category\updateCategory.ts
FN:6,(anonymous_8)
FN:9,(anonymous_9)
FNF:2
FNH:2
FNDA:3,(anonymous_8)
FNDA:3,(anonymous_9)
DA:2,1
DA:6,1
DA:9,3
DA:11,3
DA:13,3
DA:20,3
DA:21,1
DA:24,1
DA:28,2
DA:31,2
DA:32,2
DA:37,2
DA:38,1
DA:41,1
DA:45,1
DA:56,1
DA:60,0
DA:61,0
LF:18
LH:16
BRDA:20,0,0,1
BRDA:31,1,0,2
BRDA:37,2,0,1
BRDA:37,3,0,2
BRDA:37,3,1,1
BRF:5
BRH:5
end_of_record
TN:
SF:src\controllers\Members\createMembers.ts
FN:6,(anonymous_8)
FN:6,(anonymous_9)
FNF:2
FNH:2
FNDA:4,(anonymous_8)
FNDA:4,(anonymous_9)
DA:2,1
DA:3,1
DA:6,4
DA:8,4
DA:11,4
DA:12,4
DA:13,1
DA:14,1
DA:19,3
DA:20,3
DA:21,1
DA:24,1
DA:29,2
DA:34,2
DA:35,1
DA:36,1
DA:40,1
DA:41,1
DA:46,1
DA:48,0
LF:20
LH:19
BRDA:11,0,0,4
BRDA:12,1,0,1
BRDA:19,2,0,3
BRDA:20,3,0,1
BRDA:34,4,0,1
BRF:5
BRH:5
end_of_record
TN:
SF:src\controllers\Members\deleteMembers.ts
FN:5,(anonymous_8)
FN:8,(anonymous_9)
FNF:2
FNH:2
FNDA:2,(anonymous_8)
FNDA:2,(anonymous_9)
DA:2,1
DA:5,1
DA:8,2
DA:9,2
DA:11,2
DA:18,2
DA:19,1
DA:20,1
DA:24,1
DA:31,1
DA:33,0
DA:35,0
LF:12
LH:10
BRDA:18,0,0,1
BRF:1
BRH:1
end_of_record
TN:
SF:src\controllers\Members\getMembers.ts
FN:6,(anonymous_8)
FN:6,(anonymous_9)
FN:19,(anonymous_10)
FN:22,(anonymous_11)
FNF:4
FNH:4
FNDA:1,(anonymous_8)
FNDA:1,(anonymous_9)
FNDA:2,(anonymous_10)
FNDA:2,(anonymous_11)
DA:2,1
DA:6,1
DA:7,1
DA:8,1
DA:11,1
DA:13,0
DA:14,0
DA:19,1
DA:22,2
DA:23,2
DA:24,2
DA:30,2
DA:31,1
DA:34,1
DA:36,1
DA:38,0
DA:39,0
LF:17
LH:13
BRDA:30,0,0,1
BRF:1
BRH:1
end_of_record
TN:
SF:src\controllers\Members\updateMembers.ts
FN:7,(anonymous_8)
FN:10,(anonymous_9)
FNF:2
FNH:2
FNDA:5,(anonymous_8)
FNDA:5,(anonymous_9)
DA:2,1
DA:3,1
DA:7,1
DA:10,5
DA:12,5
DA:19,5
DA:20,1
DA:23,1
DA:27,4
DA:30,4
DA:31,3
DA:32,1
DA:33,1
DA:36,2
DA:41,2
DA:42,1
DA:45,1
DA:50,2
DA:51,2
DA:52,1
DA:55,1
DA:60,1
DA:61,1
DA:74,1
DA:78,0
DA:79,0
LF:26
LH:24
BRDA:19,0,0,1
BRDA:30,1,0,3
BRDA:31,2,0,1
BRDA:41,3,0,1
BRDA:41,4,0,2
BRDA:41,4,1,1
BRDA:50,5,0,2
BRDA:51,6,0,1
BRF:8
BRH:8
end_of_record
TN:
SF:src\controllers\Users\createUsers.ts
FN:7,(anonymous_8)
FN:10,(anonymous_9)
FNF:2
FNH:2
FNDA:5,(anonymous_8)
FNDA:5,(anonymous_9)
DA:2,1
DA:3,1
DA:4,1
DA:7,1
DA:10,5
DA:11,5
DA:15,5
DA:16,5
DA:17,1
DA:18,1
DA:23,4
DA:28,4
DA:29,1
DA:30,1
DA:34,3
DA:35,1
DA:36,1
DA:40,2
DA:41,1
DA:44,1
DA:48,1
DA:49,1
DA:52,1
DA:53,1
DA:59,1
DA:61,0
DA:62,0
LF:27
LH:25
BRDA:15,0,0,5
BRDA:16,1,0,1
BRDA:28,2,0,1
BRDA:34,3,0,1
BRDA:40,4,0,1
BRDA:40,5,0,2
BRDA:40,5,1,1
BRF:7
BRH:7
end_of_record
TN:
SF:src\controllers\Users\deleteUsers.ts
FN:11,(anonymous_8)
FN:14,(anonymous_9)
FNF:2
FNH:2
FNDA:3,(anonymous_8)
FNDA:3,(anonymous_9)
DA:2,1
DA:11,1
DA:14,3
DA:15,3
DA:17,3
DA:23,3
DA:24,1
DA:27,1
DA:31,2
DA:33,1
DA:39,1
DA:42,1
DA:46,1
DA:51,0
LF:14
LH:13
BRDA:23,0,0,1
BRDA:31,1,0,1
BRDA:31,1,1,1
BRF:3
BRH:3
end_of_record
TN:
SF:src\controllers\Users\getUsers.ts
FN:7,(anonymous_8)
FN:7,(anonymous_9)
FN:19,(anonymous_10)
FN:22,(anonymous_11)
FNF:4
FNH:4
FNDA:1,(anonymous_8)
FNDA:1,(anonymous_9)
FNDA:2,(anonymous_10)
FNDA:2,(anonymous_11)
DA:2,1
DA:7,1
DA:8,1
DA:9,1
DA:12,1
DA:14,0
DA:19,1
DA:22,2
DA:23,2
DA:24,2
DA:30,2
DA:31,1
DA:35,1
DA:38,0
DA:39,0
LF:15
LH:12
BRDA:30,0,0,1
BRDA:30,0,1,1
BRF:2
BRH:2
end_of_record
TN:
SF:src\controllers\Users\loginUsers.ts
FN:9,(anonymous_8)
FN:9,(anonymous_9)
FNF:2
FNH:2
FNDA:3,(anonymous_8)
FNDA:3,(anonymous_9)
DA:3,1
DA:4,1
DA:5,1
DA:9,3
DA:10,3
DA:11,3
DA:18,3
DA:19,1
DA:20,0
DA:24,2
DA:27,2
DA:28,1
DA:29,0
DA:33,1
DA:34,1
DA:35,1
DA:36,1
DA:39,1
DA:48,1
DA:55,1
DA:65,1
DA:69,1
DA:71,2
LF:23
LH:21
BRDA:18,0,0,1
BRDA:27,1,0,1
BRF:2
BRH:2
end_of_record
TN:
SF:src\controllers\Users\logoutUsers.ts
FN:5,(anonymous_8)
FN:5,(anonymous_9)
FNF:2
FNH:2
FNDA:3,(anonymous_8)
FNDA:3,(anonymous_9)
DA:2,1
DA:5,3
DA:6,3
DA:9,3
DA:10,1
DA:11,1
DA:15,2
DA:22,2
DA:23,1
DA:24,1
DA:28,1
DA:30,1
DA:42,1
DA:43,1
DA:46,1
LF:15
LH:15
BRDA:6,0,0,0
BRDA:6,0,1,3
BRDA:6,1,0,3
BRDA:6,1,1,3
BRDA:9,2,0,1
BRDA:22,3,0,1
BRF:6
BRH:5
end_of_record
TN:
SF:src\controllers\Users\updateUsers.ts
FN:8,(anonymous_8)
FN:11,(anonymous_9)
FNF:2
FNH:2
FNDA:4,(anonymous_8)
FNDA:4,(anonymous_9)
DA:2,1
DA:3,1
DA:5,1
DA:8,1
DA:11,4
DA:13,4
DA:19,4
DA:20,1
DA:23,1
DA:27,3
DA:30,3
DA:31,3
DA:32,1
DA:33,1
DA:36,2
DA:41,2
DA:42,1
DA:45,1
DA:51,1
DA:52,1
DA:53,1
DA:55,0
DA:59,1
DA:60,0
DA:63,0
DA:66,1
DA:67,1
DA:81,1
DA:85,0
LF:29
LH:25
BRDA:19,0,0,1
BRDA:30,1,0,3
BRDA:31,2,0,1
BRDA:41,3,0,1
BRDA:41,4,0,2
BRDA:41,4,1,2
BRDA:52,5,0,1
BRDA:52,5,1,0
BRDA:52,6,0,1
BRDA:52,6,1,1
BRDA:52,6,2,1
BRDA:59,7,0,0
BRF:12
BRH:10
end_of_record
TN:
SF:src\models\borrowingModel.ts
FNF:0
FNH:0
DA:2,1
DA:3,1
DA:4,1
DA:36,1
DA:93,1
DA:97,1
LF:6
LH:6
BRF:0
BRH:0
end_of_record
TN:
SF:src\models\categoryModel.ts
FNF:0
FNH:0
DA:3,1
DA:4,1
DA:30,1
DA:44,1
LF:4
LH:4
BRF:0
BRH:0
end_of_record
TN:
SF:src\models\memberModel.ts
FNF:0
FNH:0
DA:1,1
DA:2,1
DA:24,1
DA:59,1
LF:4
LH:4
BRF:0
BRH:0
end_of_record
